beginning file 1 of 3 
READ HEADER:	 0.052940
READ FILE:	 0.211672
FILT FILT:	 0.951937
LOW RESO:	 0.039722
HIGH RESO:	 0.317650
READ FILE:	 0.159032
FILT FILT:	 0.631378
LOW RESO:	 0.027075
HIGH RESO:	 0.030710
READ FILE:	 0.163677
FILT FILT:	 0.548383
LOW RESO:	 0.030943
HIGH RESO:	 0.049209
READ FILE:	 0.145224
FILT FILT:	 0.539140
LOW RESO:	 0.033315
HIGH RESO:	 0.030953
READ FILE:	 0.148651
FILT FILT:	 0.552509
LOW RESO:	 0.036834
HIGH RESO:	 0.028392
READ FILE:	 0.143537
FILT FILT:	 0.540331
LOW RESO:	 0.027146
HIGH RESO:	 0.063808
READ FILE:	 0.132384
FILT FILT:	 0.548867
LOW RESO:	 0.027573
HIGH RESO:	 0.037566
READ FILE:	 0.143733
FILT FILT:	 0.547567
LOW RESO:	 0.037088
HIGH RESO:	 0.042945
READ FILE:	 0.131503
FILT FILT:	 0.542778
LOW RESO:	 0.031436
HIGH RESO:	 0.049246
READ FILE:	 0.136353
FILT FILT:	 0.571207
LOW RESO:	 0.026405
HIGH RESO:	 0.044844
READ FILE:	 0.132969
FILT FILT:	 0.575552
LOW RESO:	 0.034211
HIGH RESO:	 0.017438
READ FILE:	 0.133326
FILT FILT:	 0.553915
LOW RESO:	 0.034048
HIGH RESO:	 0.039374
READ FILE:	 -59.864634
FILT FILT:	 0.549954
LOW RESO:	 0.027684
HIGH RESO:	 0.055083
READ FILE:	 0.128067
FILT FILT:	 0.540982
LOW RESO:	 0.026283
HIGH RESO:	 0.028312
READ FILE:	 0.128414
FILT FILT:	 0.560657
LOW RESO:	 0.027507
HIGH RESO:	 0.049579
READ FILE:	 0.130711
FILT FILT:	 0.541708
LOW RESO:	 0.023017
HIGH RESO:	 0.032401
READ FILE:	 0.123487
FILT FILT:	 0.543164
LOW RESO:	 0.030956
HIGH RESO:	 0.046984
READ FILE:	 0.123900
FILT FILT:	 0.551955
LOW RESO:	 0.031030
HIGH RESO:	 0.064785
READ FILE:	 0.127362
FILT FILT:	 0.539374
LOW RESO:	 0.033206
HIGH RESO:	 0.031812
READ FILE:	 0.128717
FILT FILT:	 0.549923
LOW RESO:	 0.024979
HIGH RESO:	 0.047345
READ FILE:	 0.146681
FILT FILT:	 0.631485
LOW RESO:	 0.028457
HIGH RESO:	 0.048812
READ FILE:	 0.121802
FILT FILT:	 0.538631
LOW RESO:	 0.035825
HIGH RESO:	 0.043230
READ FILE:	 0.128874
FILT FILT:	 0.553118
LOW RESO:	 0.025115
HIGH RESO:	 0.065928
READ FILE:	 0.126325
FILT FILT:	 0.538871
LOW RESO:	 0.034308
HIGH RESO:	 0.054035
READ FILE:	 0.127345
FILT FILT:	 0.550671
LOW RESO:	 0.034008
HIGH RESO:	 0.009963
READ FILE:	 0.136520
FILT FILT:	 0.544971
LOW RESO:	 0.035342
HIGH RESO:	 0.032241
READ FILE:	 0.133210
FILT FILT:	 0.551710
LOW RESO:	 0.037614
HIGH RESO:	 0.045435
READ FILE:	 0.209416
FILT FILT:	 0.561416
LOW RESO:	 0.026296
HIGH RESO:	 0.051586
READ FILE:	 0.120785
FILT FILT:	 0.547995
LOW RESO:	 0.029513
HIGH RESO:	 0.041307
READ FILE:	 0.122992
FILT FILT:	 0.587831
LOW RESO:	 0.025130
HIGH RESO:	 0.034462
done with /Users/Jim/Documents/Project/WhaleClassification/WAT_NC_01/Arctic_C2_10_150728_010230.x.wav
beginning file 2 of 3 
READ HEADER:	 0.018666
READ FILE:	 0.126403
FILT FILT:	 0.640261
LOW RESO:	 0.018551
HIGH RESO:	 0.001454
READ FILE:	 0.130276
FILT FILT:	 0.568349
LOW RESO:	 0.027081
HIGH RESO:	 0.000501
READ FILE:	 0.118971
FILT FILT:	 0.546084
LOW RESO:	 0.025675
HIGH RESO:	 0.000043
READ FILE:	 0.128096
FILT FILT:	 0.556563
LOW RESO:	 0.021506
HIGH RESO:	 0.000021
READ FILE:	 0.122205
FILT FILT:	 0.547896
LOW RESO:	 0.019101
HIGH RESO:	 0.000019
READ FILE:	 0.123203
FILT FILT:	 0.549750
LOW RESO:	 0.017849
HIGH RESO:	 0.002509
READ FILE:	 0.125147
FILT FILT:	 0.554975
LOW RESO:	 0.022768
HIGH RESO:	 0.000134
READ FILE:	 0.121789
FILT FILT:	 0.556924
LOW RESO:	 0.017524
HIGH RESO:	 0.001837
READ FILE:	 0.127362
FILT FILT:	 0.533789
LOW RESO:	 0.014399
HIGH RESO:	 0.000696
READ FILE:	 0.122787
FILT FILT:	 0.538209
LOW RESO:	 0.019310
HIGH RESO:	 0.000050
READ FILE:	 0.120665
FILT FILT:	 0.550100
LOW RESO:	 0.019709
HIGH RESO:	 0.000254
READ FILE:	 0.124407
FILT FILT:	 0.561032
LOW RESO:	 0.021479
HIGH RESO:	 0.001397
READ FILE:	 0.118906
FILT FILT:	 0.566272
LOW RESO:	 0.026025
HIGH RESO:	 0.000053
READ FILE:	 0.133750
FILT FILT:	 0.557273
LOW RESO:	 0.022302
HIGH RESO:	 0.000035
READ FILE:	 0.124624
FILT FILT:	 0.571179
LOW RESO:	 0.022494
HIGH RESO:	 0.000003
READ FILE:	 0.126614
FILT FILT:	 0.620866
LOW RESO:	 0.027248
HIGH RESO:	 0.000003
READ FILE:	 0.155348
FILT FILT:	 0.590864
LOW RESO:	 0.018063
HIGH RESO:	 0.000718
READ FILE:	 0.126802
FILT FILT:	 0.580629
LOW RESO:	 0.021995
HIGH RESO:	 0.000005
READ FILE:	 0.117287
FILT FILT:	 0.579017
LOW RESO:	 0.028279
HIGH RESO:	 0.000004
READ FILE:	 0.116761
FILT FILT:	 0.571270
LOW RESO:	 0.022741
HIGH RESO:	 0.000003
READ FILE:	 0.133557
FILT FILT:	 0.614816
LOW RESO:	 0.021866
HIGH RESO:	 0.000005
READ FILE:	 0.146118
FILT FILT:	 0.565505
LOW RESO:	 0.040108
HIGH RESO:	 0.000005
READ FILE:	 0.285071
FILT FILT:	 0.589805
LOW RESO:	 0.018550
HIGH RESO:	 0.000004
READ FILE:	 0.125239
FILT FILT:	 0.565886
LOW RESO:	 0.024461
HIGH RESO:	 0.000003
READ FILE:	 0.122848
FILT FILT:	 0.547330
LOW RESO:	 0.015127
HIGH RESO:	 0.000870
READ FILE:	 0.121983
FILT FILT:	 0.546549
LOW RESO:	 0.019068
HIGH RESO:	 0.000004
READ FILE:	 0.121118
FILT FILT:	 0.542533
LOW RESO:	 0.020370
HIGH RESO:	 0.003712
READ FILE:	 0.129394
FILT FILT:	 0.558923
LOW RESO:	 0.020725
HIGH RESO:	 0.000003
READ FILE:	 0.123800
FILT FILT:	 0.604778
LOW RESO:	 0.020858
HIGH RESO:	 0.000005
READ FILE:	 0.123724
FILT FILT:	 0.563607
LOW RESO:	 0.021593
HIGH RESO:	 0.000004
done with /Users/Jim/Documents/Project/WhaleClassification/WAT_NC_01/Arctic_C2_10_160423_033000.x.wav
beginning file 3 of 3 
READ HEADER:	 0.008890
READ FILE:	 0.134167
FILT FILT:	 0.568623
LOW RESO:	 0.019801
HIGH RESO:	 0.000005
READ FILE:	 0.151368
FILT FILT:	 0.554110
LOW RESO:	 0.030174
HIGH RESO:	 0.000004
READ FILE:	 0.133457
FILT FILT:	 0.563460
LOW RESO:	 0.017084
HIGH RESO:	 0.000003
READ FILE:	 0.125131
FILT FILT:	 0.544370
LOW RESO:	 0.017030
HIGH RESO:	 0.000004
READ FILE:	 0.126701
FILT FILT:	 0.592370
LOW RESO:	 0.015755
HIGH RESO:	 0.000739
READ FILE:	 0.134187
FILT FILT:	 0.558745
LOW RESO:	 0.020203
HIGH RESO:	 0.000004
READ FILE:	 0.140782
FILT FILT:	 0.552184
LOW RESO:	 0.018096
HIGH RESO:	 0.000003
READ FILE:	 0.148550
FILT FILT:	 0.566651
LOW RESO:	 0.022116
HIGH RESO:	 0.000004
READ FILE:	 0.139256
FILT FILT:	 0.597808
LOW RESO:	 0.020723
HIGH RESO:	 0.000005
READ FILE:	 0.131093
FILT FILT:	 0.549458
LOW RESO:	 0.017597
HIGH RESO:	 0.000003
READ FILE:	 0.129083
FILT FILT:	 0.558646
LOW RESO:	 0.019698
HIGH RESO:	 0.000004
READ FILE:	 0.127866
FILT FILT:	 0.547104
LOW RESO:	 0.014697
HIGH RESO:	 0.001618
READ FILE:	 0.130448
FILT FILT:	 0.578213
LOW RESO:	 0.017154
HIGH RESO:	 0.002213
READ FILE:	 0.134081
FILT FILT:	 0.567129
LOW RESO:	 0.029487
HIGH RESO:	 0.000003
READ FILE:	 0.136676
FILT FILT:	 0.585011
LOW RESO:	 0.028386
HIGH RESO:	 0.013855
READ FILE:	 0.152640
FILT FILT:	 0.582515
LOW RESO:	 0.020558
HIGH RESO:	 0.000003
READ FILE:	 0.134202
FILT FILT:	 0.578160
LOW RESO:	 0.017587
HIGH RESO:	 0.000003
READ FILE:	 0.136572
FILT FILT:	 0.579088
LOW RESO:	 0.017878
HIGH RESO:	 0.000005
READ FILE:	 0.130166
FILT FILT:	 0.557385
LOW RESO:	 0.018366
HIGH RESO:	 0.002110
READ FILE:	 0.130280
FILT FILT:	 0.545719
LOW RESO:	 0.014260
HIGH RESO:	 0.001812
READ FILE:	 0.126921
FILT FILT:	 0.555183
LOW RESO:	 0.013474
HIGH RESO:	 0.001285
READ FILE:	 0.130591
FILT FILT:	 0.546069
LOW RESO:	 0.017670
HIGH RESO:	 0.000004
READ FILE:	 0.129767
FILT FILT:	 0.552250
LOW RESO:	 0.019923
HIGH RESO:	 0.000004
READ FILE:	 0.127687
FILT FILT:	 0.536695
LOW RESO:	 0.016727
HIGH RESO:	 0.000003
READ FILE:	 0.126688
FILT FILT:	 0.545132
LOW RESO:	 0.016737
HIGH RESO:	 0.000005
READ FILE:	 0.125908
FILT FILT:	 0.546750
LOW RESO:	 0.016954
HIGH RESO:	 0.000004
READ FILE:	 0.128242
FILT FILT:	 0.543068
LOW RESO:	 0.017554
HIGH RESO:	 0.000004
READ FILE:	 0.132690
FILT FILT:	 0.546148
LOW RESO:	 0.017080
HIGH RESO:	 0.000003
READ FILE:	 0.129204
FILT FILT:	 0.541516
LOW RESO:	 0.012914
HIGH RESO:	 0.001584
READ FILE:	 0.126181
FILT FILT:	 0.538575
LOW RESO:	 0.018785
HIGH RESO:	 0.000005